<?xml version="1.0" encoding="UTF-8" ?>
<testsuites disabled="0" errors="0" failures="1" tests="1" time="0.001">
 <testsuite name="Error Handling" timestamp="2024-09-19T13:41:55" hostname="localhost" time="0.001" errors="0" tests="1" skipped="0" disabled="0" failures="1">
  <testcase classname="Error Handling" name="should report simple error" time="0.001">
   <failure type="exception" message="Error: Hello World Error"><![CDATA[at UserContext.<anonymous> (file:///G:/github/component.specs/specs/errorHandling.spec.mjs:3:15)
    at <Jasmine>]]>
   </failure>
  </testcase>
 </testsuite>
</testsuites>